<?xml version="1.0" encoding="UTF-8"?>
<testsuite name="CalculatorTest" tests="2" skipped="0" failures="0" errors="0" timestamp="2023-05-15T15:19:30" hostname="LAPTOP-JN9GE3MA" time="0.028">
  <properties/>
  <testcase name="add()" classname="CalculatorTest" time="0.026"/>
  <testcase name="multiply()" classname="CalculatorTest" time="0.001"/>
  <system-out><![CDATA[]]></system-out>
  <system-err><![CDATA[]]></system-err>
</testsuite>
