<?xml version="1.0" encoding="UTF-8"?>
<testsuite name="org.example.MainTest" tests="2" skipped="0" failures="0" errors="0" timestamp="2023-03-29T15:17:10" hostname="LAPTOP-JN9GE3MA" time="0.033">
  <properties/>
  <testcase name="add()" classname="org.example.MainTest" time="0.028"/>
  <testcase name="multiply()" classname="org.example.MainTest" time="0.002"/>
  <system-out><![CDATA[]]></system-out>
  <system-err><![CDATA[]]></system-err>
</testsuite>
